<?xml version="1.0" encoding="UTF-8"?>
<testsuite xmlns:xsi="http://www.w3.org/2001/XMLSchema-instance" xsi:noNamespaceSchemaLocation="https://maven.apache.org/surefire/maven-surefire-plugin/xsd/surefire-test-report.xsd" name="org.nineradio.ParserTest" time="0.159" tests="13" errors="0" skipped="0" failures="0">
  <properties>
[...]
</properties>
  <testcase name="symbolThrowsExceptionIfImproperCommandGiven" classname="org.nineradio.ParserTest" time="0.021"/>
  <testcase name="commandTypeReturnsCComandWhenGivenCompAndJump" classname="org.nineradio.ParserTest" time="0.013"/>
  <testcase name="symbolReturnsCorrectSymbolForACommand" classname="org.nineradio.ParserTest" time="0.013"/>
  <testcase name="hasMoreCommandsReturnsTrueWhenMoreCommands" classname="org.nineradio.ParserTest" time="0.014"/>
  <testcase name="commandTypeReturnsNoCommandWhenGivenWhitespaceAndComments" classname="org.nineradio.ParserTest" time="0.017"/>
  <testcase name="commandTypeReturnsCCommandWhenGivenDestCompAndJump" classname="org.nineradio.ParserTest" time="0.004"/>
  <testcase name="hasMoreCommandsReturnsFalseWhenNoMoreCommands" classname="org.nineradio.ParserTest" time="0.004"/>
  <testcase name="advanceThrowsExceptionWhenNoMoreCommands" classname="org.nineradio.ParserTest" time="0.007"/>
  <testcase name="commandTypeReturnsCCommandWhenGivenDestAndComp" classname="org.nineradio.ParserTest" time="0.009"/>
  <testcase name="symbolReturnsCorrectSymbolForLCommand" classname="org.nineradio.ParserTest" time="0.004"/>
  <testcase name="commandTypeReturnsLCommandWhenGivenLCommand" classname="org.nineradio.ParserTest" time="0.006"/>
  <testcase name="commandTypeReturnsACommandCorrectlyWhenGivenNumber" classname="org.nineradio.ParserTest" time="0.004"/>
  <testcase name="commandTypeReturnsACommandCorrectlyWhenGivenSymbol" classname="org.nineradio.ParserTest" time="0.009"/>
</testsuite>