<?xml version="1.0" encoding="UTF-8"?>
<testsuite xmlns:xsi="http://www.w3.org/2001/XMLSchema-instance" xsi:noNamespaceSchemaLocation="https://maven.apache.org/surefire/maven-surefire-plugin/xsd/surefire-test-report.xsd" name="org.nineradio.SymbolTableTest" time="0.033" tests="4" errors="0" skipped="0" failures="0">
  <properties>
[...]
</properties>
  <testcase name="containsWorksOnPredefinedSymbol" classname="org.nineradio.SymbolTableTest" time="0"/>
  <testcase name="addEntryWorksForSymbolAddressPair" classname="org.nineradio.SymbolTableTest" time="0.001"/>
  <testcase name="addEntryWorksForNewSymbol" classname="org.nineradio.SymbolTableTest" time="0"/>
  <testcase name="containsWorksOnSymbolNotInTable" classname="org.nineradio.SymbolTableTest" time="0.001"/>
</testsuite>